<?xml version="1.0" encoding="UTF-8"?>
<coverage generated="1767864450053" clover="3.2.0">
  <project timestamp="1767864450053" name="All files">
    <metrics statements="23" coveredstatements="21" conditionals="10" coveredconditionals="8" methods="3" coveredmethods="3" elements="36" coveredelements="32" complexity="0" loc="23" ncloc="23" packages="2" files="3" classes="3"/>
    <package name="components.Button">
      <metrics statements="21" coveredstatements="19" conditionals="10" coveredconditionals="8" methods="2" coveredmethods="2"/>
      <file name="index.tsx" path="/Users/tangxiaochao/Desktop/learnSpace/FrontEnd/React component lib/src/components/Button/index.tsx">
        <metrics statements="14" coveredstatements="12" conditionals="10" coveredconditionals="8" methods="2" coveredmethods="2"/>
        <line num="12" count="1" type="stmt"/>
        <line num="21" count="11" type="stmt"/>
        <line num="23" count="11" type="stmt"/>
        <line num="24" count="11" type="stmt"/>
        <line num="25" count="11" type="stmt"/>
        <line num="26" count="11" type="cond" truecount="2" falsecount="0"/>
        <line num="27" count="11" type="stmt"/>
        <line num="28" count="11" type="stmt"/>
        <line num="29" count="11" type="cond" truecount="1" falsecount="1"/>
        <line num="30" count="0" type="stmt"/>
        <line num="32" count="11" type="cond" truecount="1" falsecount="1"/>
        <line num="33" count="0" type="stmt"/>
        <line num="36" count="11" type="stmt"/>
        <line num="45" count="11" type="stmt"/>
      </file>
      <file name="types.ts" path="/Users/tangxiaochao/Desktop/learnSpace/FrontEnd/React component lib/src/components/Button/types.ts">
        <metrics statements="7" coveredstatements="7" conditionals="0" coveredconditionals="0" methods="0" coveredmethods="0"/>
        <line num="15" count="1" type="stmt"/>
        <line num="21" count="1" type="stmt"/>
        <line num="27" count="1" type="stmt"/>
        <line num="33" count="1" type="stmt"/>
        <line num="39" count="1" type="stmt"/>
        <line num="45" count="1" type="stmt"/>
        <line num="51" count="1" type="stmt"/>
      </file>
    </package>
    <package name="utils">
      <metrics statements="2" coveredstatements="2" conditionals="0" coveredconditionals="0" methods="1" coveredmethods="1"/>
      <file name="tools.ts" path="/Users/tangxiaochao/Desktop/learnSpace/FrontEnd/React component lib/src/utils/tools.ts">
        <metrics statements="2" coveredstatements="2" conditionals="0" coveredconditionals="0" methods="1" coveredmethods="1"/>
        <line num="3" count="1" type="stmt"/>
        <line num="4" count="11" type="stmt"/>
      </file>
    </package>
  </project>
</coverage>
