{"/Users/tangxiaochao/Desktop/learnSpace/FrontEnd/React component lib/src/components/Button/index.tsx": {"path":"/Users/tangxiaochao/Desktop/learnSpace/FrontEnd/React component lib/src/components/Button/index.tsx","statementMap":{"0":{"start":{"line":12,"column":45},"end":{"line":50,"column":null}},"1":{"start":{"line":21,"column":6},"end":{"line":21,"column":null}},"2":{"start":{"line":23,"column":4},"end":{"line":23,"column":null}},"3":{"start":{"line":24,"column":20},"end":{"line":24,"column":null}},"4":{"start":{"line":25,"column":22},"end":{"line":25,"column":null}},"5":{"start":{"line":26,"column":24},"end":{"line":26,"column":null}},"6":{"start":{"line":27,"column":20},"end":{"line":27,"column":null}},"7":{"start":{"line":28,"column":22},"end":{"line":35,"column":null}},"8":{"start":{"line":29,"column":4},"end":{"line":31,"column":null}},"9":{"start":{"line":30,"column":6},"end":{"line":30,"column":null}},"10":{"start":{"line":32,"column":4},"end":{"line":34,"column":null}},"11":{"start":{"line":33,"column":6},"end":{"line":33,"column":null}},"12":{"start":{"line":36,"column":8},"end":{"line":44,"column":null}},"13":{"start":{"line":45,"column":2},"end":{"line":48,"column":null}}},"fnMap":{"0":{"name":"(anonymous_0)","decl":{"start":{"line":12,"column":45},"end":{"line":12,"column":55}},"loc":{"start":{"line":12,"column":75},"end":{"line":50,"column":null}},"line":12},"1":{"name":"(anonymous_1)","decl":{"start":{"line":28,"column":22},"end":{"line":28,"column":34}},"loc":{"start":{"line":28,"column":34},"end":{"line":35,"column":null}},"line":28}},"branchMap":{"0":{"loc":{"start":{"line":14,"column":4},"end":{"line":14,"column":null}},"type":"default-arg","locations":[{"start":{"line":14,"column":16},"end":{"line":14,"column":null}}],"line":14},"1":{"loc":{"start":{"line":15,"column":4},"end":{"line":15,"column":null}},"type":"default-arg","locations":[{"start":{"line":15,"column":14},"end":{"line":15,"column":null}}],"line":15},"2":{"loc":{"start":{"line":16,"column":4},"end":{"line":16,"column":null}},"type":"default-arg","locations":[{"start":{"line":16,"column":11},"end":{"line":16,"column":null}}],"line":16},"3":{"loc":{"start":{"line":17,"column":4},"end":{"line":17,"column":null}},"type":"default-arg","locations":[{"start":{"line":17,"column":13},"end":{"line":17,"column":null}}],"line":17},"4":{"loc":{"start":{"line":26,"column":24},"end":{"line":26,"column":null}},"type":"binary-expr","locations":[{"start":{"line":26,"column":24},"end":{"line":26,"column":36}},{"start":{"line":26,"column":36},"end":{"line":26,"column":null}}],"line":26},"5":{"loc":{"start":{"line":29,"column":4},"end":{"line":31,"column":null}},"type":"if","locations":[{"start":{"line":29,"column":4},"end":{"line":31,"column":null}},{"start":{},"end":{}}],"line":29},"6":{"loc":{"start":{"line":32,"column":4},"end":{"line":34,"column":null}},"type":"if","locations":[{"start":{"line":32,"column":4},"end":{"line":34,"column":null}},{"start":{},"end":{}}],"line":32}},"s":{"0":1,"1":11,"2":11,"3":11,"4":11,"5":11,"6":11,"7":11,"8":11,"9":0,"10":11,"11":0,"12":11,"13":11},"f":{"0":11,"1":11},"b":{"0":[11],"1":[11],"2":[11],"3":[11],"4":[11,1],"5":[0,11],"6":[0,11]},"meta":{"lastBranch":7,"lastFunction":2,"lastStatement":14,"seen":{"s:12:45:50:Infinity":0,"f:12:45:12:55":0,"s:21:6:21:Infinity":1,"b:14:16:14:Infinity":0,"b:15:14:15:Infinity":1,"b:16:11:16:Infinity":2,"b:17:13:17:Infinity":3,"s:23:4:23:Infinity":2,"s:24:20:24:Infinity":3,"s:25:22:25:Infinity":4,"s:26:24:26:Infinity":5,"b:26:24:26:36:26:36:26:Infinity":4,"s:27:20:27:Infinity":6,"s:28:22:35:Infinity":7,"f:28:22:28:34":1,"b:29:4:31:Infinity:undefined:undefined:undefined:undefined":5,"s:29:4:31:Infinity":8,"s:30:6:30:Infinity":9,"b:32:4:34:Infinity:undefined:undefined:undefined:undefined":6,"s:32:4:34:Infinity":10,"s:33:6:33:Infinity":11,"s:36:8:44:Infinity":12,"s:45:2:48:Infinity":13}}}
,"/Users/tangxiaochao/Desktop/learnSpace/FrontEnd/React component lib/src/components/Button/types.ts": {"path":"/Users/tangxiaochao/Desktop/learnSpace/FrontEnd/React component lib/src/components/Button/types.ts","statementMap":{"0":{"start":{"line":15,"column":59},"end":{"line":20,"column":null}},"1":{"start":{"line":21,"column":61},"end":{"line":26,"column":null}},"2":{"start":{"line":27,"column":66},"end":{"line":32,"column":null}},"3":{"start":{"line":33,"column":65},"end":{"line":38,"column":null}},"4":{"start":{"line":39,"column":66},"end":{"line":44,"column":null}},"5":{"start":{"line":45,"column":64},"end":{"line":50,"column":null}},"6":{"start":{"line":51,"column":59},"end":{"line":55,"column":null}}},"fnMap":{},"branchMap":{},"s":{"0":1,"1":1,"2":1,"3":1,"4":1,"5":1,"6":1},"f":{},"b":{},"meta":{"lastBranch":0,"lastFunction":0,"lastStatement":7,"seen":{"s:15:59:20:Infinity":0,"s:21:61:26:Infinity":1,"s:27:66:32:Infinity":2,"s:33:65:38:Infinity":3,"s:39:66:44:Infinity":4,"s:45:64:50:Infinity":5,"s:51:59:55:Infinity":6}}}
,"/Users/tangxiaochao/Desktop/learnSpace/FrontEnd/React component lib/src/utils/tools.ts": {"path":"/Users/tangxiaochao/Desktop/learnSpace/FrontEnd/React component lib/src/utils/tools.ts","statementMap":{"0":{"start":{"line":3,"column":18},"end":{"line":5,"column":null}},"1":{"start":{"line":4,"column":2},"end":{"line":4,"column":null}}},"fnMap":{"0":{"name":"(anonymous_0)","decl":{"start":{"line":3,"column":18},"end":{"line":3,"column":31}},"loc":{"start":{"line":3,"column":53},"end":{"line":5,"column":null}},"line":3}},"branchMap":{},"s":{"0":1,"1":11},"f":{"0":11},"b":{},"meta":{"lastBranch":0,"lastFunction":1,"lastStatement":2,"seen":{"s:3:18:5:Infinity":0,"f:3:18:3:31":0,"s:4:2:4:Infinity":1}}}
}
